SyncMyPix/app/build/outputs/logs/manifest-merger-debug-report.txt
-- Merging decision tree log ---
manifest
ADDED from src\main\AndroidManifest.xml:2:1-71:12
INJECTED from src\main\AndroidManifest.xml:2:1-71:12
INJECTED from src\main\AndroidManifest.xml:2:1-71:12
INJECTED from src\main\AndroidManifest.xml:2:1-71:12
INJECTED from src\main\AndroidManifest.xml:2:1-71:12
INJECTED from src\main\AndroidManifest.xml:2:1-71:12
INJECTED from src\main\AndroidManifest.xml:2:1-71:12
	package
		ADDED from src\main\AndroidManifest.xml:2:153-190
		INJECTED from src\main\AndroidManifest.xml
		INJECTED from src\main\AndroidManifest.xml
	android:versionName
		ADDED from src\main\AndroidManifest.xml:2:126-152
		INJECTED from src\main\AndroidManifest.xml
		INJECTED from src\main\AndroidManifest.xml
	xmlns:android
		ADDED from src\main\AndroidManifest.xml:2:11-69
	android:versionCode
		ADDED from src\main\AndroidManifest.xml:2:101-125
		INJECTED from src\main\AndroidManifest.xml
		INJECTED from src\main\AndroidManifest.xml
	android:installLocation
		ADDED from src\main\AndroidManifest.xml:2:70-100
application
ADDED from src\main\AndroidManifest.xml:3:5-56:15
	android:label
		ADDED from src\main\AndroidManifest.xml:3:75-107
	android:debuggable
		ADDED from src\main\AndroidManifest.xml:3:18-44
	android:icon
		ADDED from src\main\AndroidManifest.xml:3:45-74
	android:theme
		ADDED from src\main\AndroidManifest.xml:3:108-150
receiver#com.nloko.android.syncmypix.SyncMyPixBroadcastReceiver
ADDED from src\main\AndroidManifest.xml:5:6-22:12
	android:name
		ADDED from src\main\AndroidManifest.xml:5:16-58
intent-filter#action:name:com.nloko.android.syncmypix.SYNC
ADDED from src\main\AndroidManifest.xml:6:7-8:29
action#com.nloko.android.syncmypix.SYNC
ADDED from src\main\AndroidManifest.xml:7:14-71
	android:name
		ADDED from src\main\AndroidManifest.xml:7:22-69
intent-filter#action:name:android.intent.action.BOOT_COMPLETED
ADDED from src\main\AndroidManifest.xml:9:13-11:29
action#android.intent.action.BOOT_COMPLETED
ADDED from src\main\AndroidManifest.xml:10:14-75
	android:name
		ADDED from src\main\AndroidManifest.xml:10:22-73
intent-filter#action:name:android.intent.action.PACKAGE_REPLACED+data:path:com.nloko.android.syncmypix+data:scheme:package
ADDED from src\main\AndroidManifest.xml:12:13-15:29
action#android.intent.action.PACKAGE_REPLACED
ADDED from src\main\AndroidManifest.xml:13:14-77
	android:name
		ADDED from src\main\AndroidManifest.xml:13:22-75
data
ADDED from src\main\AndroidManifest.xml:14:14-89
	android:path
		ADDED from src\main\AndroidManifest.xml:14:20-62
	android:scheme
		ADDED from src\main\AndroidManifest.xml:14:63-87
activity#com.nloko.android.syncmypix.MainActivity
ADDED from src\main\AndroidManifest.xml:24:9-30:20
	android:screenOrientation
		ADDED from src\main\AndroidManifest.xml:24:80-116
	android:launchMode
		ADDED from src\main\AndroidManifest.xml:24:19-50
	android:theme
		ADDED from src\main\AndroidManifest.xml:24:117-170
	android:name
		ADDED from src\main\AndroidManifest.xml:24:51-79
intent-filter#action:name:android.intent.action.MAIN+category:name:android.intent.category.LAUNCHER
ADDED from src\main\AndroidManifest.xml:26:13-29:29
action#android.intent.action.MAIN
ADDED from src\main\AndroidManifest.xml:27:17-68
	android:name
		ADDED from src\main\AndroidManifest.xml:27:25-66
category#android.intent.category.LAUNCHER
ADDED from src\main\AndroidManifest.xml:28:17-76
	android:name
		ADDED from src\main\AndroidManifest.xml:28:27-74
activity#com.nloko.android.syncmypix.SettingsActivity
ADDED from src\main\AndroidManifest.xml:31:9-32:20
	android:label
		ADDED from src\main\AndroidManifest.xml:31:70-113
	android:configChanges
		ADDED from src\main\AndroidManifest.xml:31:19-69
	android:name
		ADDED from src\main\AndroidManifest.xml:31:114-146
activity#com.nloko.android.syncmypix.SyncProgressActivity
ADDED from src\main\AndroidManifest.xml:33:10-34:20
	android:label
		ADDED from src\main\AndroidManifest.xml:33:20-56
	android:theme
		ADDED from src\main\AndroidManifest.xml:33:94-147
	android:name
		ADDED from src\main\AndroidManifest.xml:33:57-93
activity-alias#com.nloko.android.syncmypix.GlobalConfig
ADDED from src\main\AndroidManifest.xml:35:9-37:20
	android:enabled
		ADDED from src\main\AndroidManifest.xml:35:25-47
	android:label
		ADDED from src\main\AndroidManifest.xml:35:72-104
	android:exported
		ADDED from src\main\AndroidManifest.xml:35:48-71
	android:targetActivity
		ADDED from src\main\AndroidManifest.xml:35:161-199
	android:name
		ADDED from src\main\AndroidManifest.xml:35:105-160
activity#com.nloko.android.syncmypix.facebook.FacebookLoginWebView
ADDED from src\main\AndroidManifest.xml:38:9-39:20
	android:label
		ADDED from src\main\AndroidManifest.xml:38:19-56
	android:name
		ADDED from src\main\AndroidManifest.xml:38:57-129
activity#com.nloko.android.syncmypix.graphics.CropImage
ADDED from src\main\AndroidManifest.xml:40:9-41:20
	android:label
		ADDED from src\main\AndroidManifest.xml:40:19-47
	android:name
		ADDED from src\main\AndroidManifest.xml:40:48-109
activity#com.nloko.android.syncmypix.SyncResultsActivity
ADDED from src\main\AndroidManifest.xml:42:9-43:20
	android:screenOrientation
		ADDED from src\main\AndroidManifest.xml:42:91-127
	android:label
		ADDED from src\main\AndroidManifest.xml:42:19-54
	android:theme
		ADDED from src\main\AndroidManifest.xml:42:128-181
	android:name
		ADDED from src\main\AndroidManifest.xml:42:55-90
activity#com.nloko.android.syncmypix.DonateActivity
ADDED from src\main\AndroidManifest.xml:44:9-45:20
	android:theme
		ADDED from src\main\AndroidManifest.xml:44:50-103
	android:name
		ADDED from src\main\AndroidManifest.xml:44:19-49
service#com.nloko.android.syncmypix.facebook.FacebookSyncService
ADDED from src\main\AndroidManifest.xml:46:9-91
	android:name
		ADDED from src\main\AndroidManifest.xml:46:18-89
provider#com.nloko.android.syncmypix.SyncMyPixProvider
ADDED from src\main\AndroidManifest.xml:47:9-48:14
	android:authorities
		ADDED from src\main\AndroidManifest.xml:47:19-69
	android:name
		ADDED from src\main\AndroidManifest.xml:47:70-130
receiver#com.nloko.android.syncmypix.EmmaInstrument.SMSInstrumentedReceiver
ADDED from src\main\AndroidManifest.xml:50:5-54:12
	android:name
		ADDED from src\main\AndroidManifest.xml:50:15-96
intent-filter#action:name:edu.gatech.m3.emma.COLLECT_COVERAGE
ADDED from src\main\AndroidManifest.xml:51:1-53:17
action#edu.gatech.m3.emma.COLLECT_COVERAGE
ADDED from src\main\AndroidManifest.xml:52:1-61
	android:name
		ADDED from src\main\AndroidManifest.xml:52:9-59
activity#com.nloko.android.syncmypix.EmmaInstrument.InstrumentedActivity
ADDED from src\main\AndroidManifest.xml:55:1-135
	android:label
		ADDED from src\main\AndroidManifest.xml:55:11-54
	android:name
		ADDED from src\main\AndroidManifest.xml:55:55-133
supports-screens
ADDED from src\main\AndroidManifest.xml:58:5-61:24
uses-permission#android.permission.INTERNET
ADDED from src\main\AndroidManifest.xml:62:2-63
	android:name
		ADDED from src\main\AndroidManifest.xml:62:19-61
uses-permission#android.permission.READ_CONTACTS
ADDED from src\main\AndroidManifest.xml:63:2-68
	android:name
		ADDED from src\main\AndroidManifest.xml:63:19-66
uses-permission#android.permission.WRITE_CONTACTS
ADDED from src\main\AndroidManifest.xml:64:2-69
	android:name
		ADDED from src\main\AndroidManifest.xml:64:19-67
uses-permission#android.permission.RECEIVE_BOOT_COMPLETED
ADDED from src\main\AndroidManifest.xml:65:2-77
	android:name
		ADDED from src\main\AndroidManifest.xml:65:19-75
uses-permission#android.permission.ACCESS_NETWORK_STATE
ADDED from src\main\AndroidManifest.xml:66:2-75
	android:name
		ADDED from src\main\AndroidManifest.xml:66:19-73
uses-permission#android.permission.WAKE_LOCK
ADDED from src\main\AndroidManifest.xml:67:2-64
	android:name
		ADDED from src\main\AndroidManifest.xml:67:19-62
uses-permission#android.permission.READ_LOGS
ADDED from src\main\AndroidManifest.xml:68:2-64
	android:name
		ADDED from src\main\AndroidManifest.xml:68:19-62
instrumentation
ADDED from src\main\AndroidManifest.xml:69:1-216
	android:label
		ADDED from src\main\AndroidManifest.xml:69:49-84
	android:handleProfiling
		ADDED from src\main\AndroidManifest.xml:69:18-48
	android:targetPackage
		ADDED from src\main\AndroidManifest.xml:69:163-214
	android:name
		ADDED from src\main\AndroidManifest.xml:69:85-162
uses-permission#android.permission.WRITE_EXTERNAL_STORAGE
ADDED from src\main\AndroidManifest.xml:70:1-76
	android:name
		ADDED from src\main\AndroidManifest.xml:70:18-74
uses-sdk
INJECTED from src\main\AndroidManifest.xml reason: use-sdk injection requested
INJECTED from src\main\AndroidManifest.xml
INJECTED from src\main\AndroidManifest.xml
INJECTED from src\main\AndroidManifest.xml
INJECTED from src\main\AndroidManifest.xml
	android:targetSdkVersion
		INJECTED from src\main\AndroidManifest.xml
		ADDED from src\main\AndroidManifest.xml
		INJECTED from src\main\AndroidManifest.xml
	android:minSdkVersion
		INJECTED from src\main\AndroidManifest.xml
		ADDED from src\main\AndroidManifest.xml
		INJECTED from src\main\AndroidManifest.xml